build/app/outputs/mapping/release/seeds.txt
school.mero.lms.live.DownloadActivity
school.mero.lms.Application
school.mero.lms.live.DemoDownloadService
school.mero.lms.courseCache.TrackSelectionDialog
school.mero.lms.MainActivity
school.mero.lms.DownloadTestActivity
school.mero.lms.MyFirebaseMessagingService
school.mero.lms.live.DownlaodDatabase_Impl
school.mero.lms.customplayer.glide.GlideCustomModule
school.mero.lms.live.DownlaodDatabase
school.mero.lms.courseCache.TrackSelectionDialog$TrackSelectionViewFragment
school.mero.lms.research.SingleHlsVideoActivity
school.mero.lms.courseCache.TrackSelectionDialog: TrackSelectionDialog()
school.mero.lms.MyFirebaseMessagingService: MyFirebaseMessagingService()
school.mero.lms.Application: Application()
school.mero.lms.live.DownloadActivity: void methodWithStoragePermission()
school.mero.lms.live.DemoDownloadService: DemoDownloadService()
school.mero.lms.courseCache.TrackSelectionDialog$TrackSelectionViewFragment: TrackSelectionDialog$TrackSelectionViewFragment()
school.mero.lms.MainActivity: MainActivity()
school.mero.lms.live.DownloadActivity: void handleBackButton(android.view.View)
school.mero.lms.live.DownlaodDatabase_Impl: DownlaodDatabase_Impl()
school.mero.lms.live.DownlaodDatabase: DownlaodDatabase()
school.mero.lms.research.SingleHlsVideoActivity: SingleHlsVideoActivity()
school.mero.lms.live.DownloadActivity: DownloadActivity()
school.mero.lms.customplayer.glide.GlideCustomModule: GlideCustomModule()
school.mero.lms.DownloadTestActivity: DownloadTestActivity()
...
com.dexterous.flutterlocalnotifications.models.NotificationDetails: java.lang.Integer ledColor
com.pichillilorenzo.flutter_inappwebview.InAppWebViewStatic: com.pichillilorenzo.flutter_inappwebview.InAppWebViewFlutterPlugin plugin
com.webengage.sdk.android.R$id: int search_plate
com.pichillilorenzo.flutter_inappwebview.R$attr: int contentDescription
com.pichillilorenzo.flutter_inappwebview.R$id: int accessibility_custom_action_11
com.pichillilorenzo.flutter_inappwebview.R$style: int Widget_AppCompat_ProgressBar_Horizontal
com.google.android.exoplayer2.Format: android.os.Parcelable$Creator CREATOR
com.google.firebase.inappmessaging.CommonTypesProto$TriggerParam: com.google.protobuf.Parser PARSER
com.pichillilorenzo.flutter_inappwebview.R$drawable: int abc_btn_radio_to_on_mtrl_015
com.pichillilorenzo.flutter_inappwebview.chrome_custom_tabs.KeepAliveService: android.os.Binder sBinder
com.pichillilorenzo.flutter_inappwebview.R$style: int TextAppearance_AppCompat_Widget_ActionMode_Title
com.webengage.sdk.android.R$styleable: int AppCompatTheme_tooltipForegroundColor
com.google.firebase.inappmessaging.CommonTypesProto$TriggerParam: java.lang.String stringValue_
com.pichillilorenzo.flutter_inappwebview.R$id: int shortcut
com.pichillilorenzo.flutter_inappwebview.R$styleable: int AppCompatTheme_actionModePopupWindowStyle
com.webengage.sdk.android.R$style: int Base_TextAppearance_AppCompat_Medium_Inverse
com.pichillilorenzo.flutter_inappwebview.R$attr: int font
com.webengage.sdk.android.R$style: int Base_Widget_AppCompat_ActivityChooserView
com.pichillilorenzo.flutter_inappwebview.R$style: int Platform_AppCompat
com.pichillilorenzo.flutter_inappwebview.R$style: int Base_Widget_AppCompat_ActionBar_TabBar
com.webengage.sdk.android.utils.htmlspanner.c: int a
com.pichillilorenzo.flutter_inappwebview.R$layout: int abc_cascading_menu_item_layout
com.pichillilorenzo.flutter_inappwebview.R$styleable: int TextAppearance_android_textFontWeight
com.google.android.gms.internal.measurement.zzfa: int zze
com.pichillilorenzo.flutter_inappwebview.R$styleable: int AlertDialog_listLayout
com.webengage.sdk.android.i$b: com.webengage.sdk.android.callbacks.LifeCycleCallbacks a
com.webengage.sdk.android.R$style: int Widget_AppCompat_Light_ActionBar_TabText
com.pichillilorenzo.flutter_inappwebview.R$style: int Base_Widget_AppCompat_RatingBar_Small
com.pichillilorenzo.flutter_inappwebview.in_app_webview.ThreadedInputConnectionProxyAdapterView: android.view.View containerView
com.google.android.gms.internal.measurement.zzgh: com.google.android.gms.internal.measurement.zzkl zzh
com.pichillilorenzo.flutter_inappwebview.R$drawable: int abc_textfield_default_mtrl_alpha
com.webengage.sdk.android.utils.htmlspanner.n.b: com.webengage.sdk.android.utils.htmlspanner.n.a e
com.pichillilorenzo.flutter_inappwebview.in_app_webview.InAppWebView$6: com.pichillilorenzo.flutter_inappwebview.in_app_webview.InAppWebView this$0
com.webengage.sdk.android.R$styleable: int AppCompatTextView_drawableRightCompat
com.pichillilorenzo.flutter_inappwebview.R$styleable: int SplitPairFilter_secondaryActivityName
com.webengage.sdk.android.R$id: int action_menu_presenter
com.pichillilorenzo.flutter_inappwebview.JavaScriptBridgeInterface$2: java.lang.String val$handlerName
com.pichillilorenzo.flutter_inappwebview.R$styleable: int MenuItem_contentDescription
com.webengage.sdk.android.R$attr: int height
com.webengage.sdk.android.R$attr: int layout_behavior
com.pichillilorenzo.flutter_inappwebview.R$attr: int primaryActivityName
io.flutter.view.FlutterCallbackInformation: java.lang.String callbackName
androidx.window.layout.ExtensionWindowLayoutInfoBackend$MulticastConsumer: java.util.Set registeredListeners
com.webengage.sdk.android.R$id: int accessibility_custom_action_31
com.pichillilorenzo.flutter_inappwebview.R$styleable: int AppCompatTheme_buttonBarNeutralButtonStyle
com.webengage.sdk.android.R$id: int on
com.webengage.sdk.android.WebEngageConfig: boolean B