build/app/outputs/mapping/release/usage.txt
school.mero.lms.Application:
    public void registerWith(io.flutter.plugin.common.PluginRegistry)
school.mero.lms.BuildConfig
school.mero.lms.ConstKt:
    public static final int DATABASE_VERSION
    public static final boolean SHOW_SPRITES
school.mero.lms.DownloadTestActivity$special$$inlined$viewModels$1
school.mero.lms.DownloadTestActivity:
    public void _$_clearFindViewByIdCache()
    public final void downloadStart()
    public final void setDownloadTracker(school.mero.lms.live.DownloadTracker)
school.mero.lms.JSONSchemas.CourseSchema:
    private java.lang.String action
    private java.lang.Float average_rating
    private java.lang.String category_id
    private java.lang.String category_name
    private int completion
    private java.lang.String course_overview_provider
    private java.lang.String currency
    private java.lang.String description
    private java.lang.String discount_flag
    private java.lang.String discounted_price
    private java.lang.String duration
    private java.lang.String exp_date
    private java.lang.Integer free_exp_days
    private java.lang.String hours_lesson
    private java.util.List includes
    private java.lang.String instructor_name
    private java.lang.Integer is_enrolled
    private java.lang.String is_free_course
    private java.lang.Boolean is_purchased
    private boolean is_wishlisted
    private java.lang.String language
    private java.lang.String level
    private java.lang.Integer no_rating
    private java.lang.Integer number_of_ratings
    private java.util.List outcomes
    private java.lang.Integer paid_exp_days
    private java.lang.String price
    private float rating
    private java.util.List requirements
    private final java.util.List sections
    private java.lang.String shareable_link
    private java.lang.String short_description
    private java.lang.String status
    private java.lang.String thumbnail
    private java.lang.Integer total_enrollment
school.mero.lms.JSONSchemas.LessonSchema
school.mero.lms.JSONSchemas.SectionSchema
school.mero.lms.JSONSchemas.ValidCourse:
    public final void setCourse_id(java.lang.String)
    public final void setPlan_exp_date(java.lang.String)
school.mero.lms.MainActivity$onCreate$1:
    public void dismiss()
school.mero.lms.MainActivity$special$$inlined$viewModels$1
school.mero.lms.MainActivity:
    public void _$_clearFindViewByIdCache()
    public final void downloadView()
    public final school.mero.lms.SavingDialog getSavingDialog()
    public final void printHashKey(android.content.Context)
    public final void setDownloadTracker(school.mero.lms.live.DownloadTracker)
    public final void setSavingDialog(school.mero.lms.SavingDialog)
    public final void setWeAnalytics(com.webengage.sdk.android.Analytics)
school.mero.lms.MainActivityKt
school.mero.lms.R$anim
school.mero.lms.R$animator
school.mero.lms.R$array
school.mero.lms.R$attr
school.mero.lms.R$bool
school.mero.lms.R$color
school.mero.lms.R$dimen
school.mero.lms.R$drawable
school.mero.lms.R$font
...
io.grpc.internal.ForwardingClientStream:
    public io.grpc.Attributes getAttributes()
    public void setMessageCompression(boolean)
io.grpc.internal.ForwardingClientStreamTracer
io.grpc.internal.ForwardingConnectionClientTransport:
    public io.grpc.Attributes getAttributes()
    public com.google.common.util.concurrent.ListenableFuture getStats()
io.grpc.internal.ForwardingManagedChannel:
    public boolean awaitTermination(long,java.util.concurrent.TimeUnit)
    public void enterIdle()
    public io.grpc.ConnectivityState getState(boolean)
    public boolean isShutdown()
    public boolean isTerminated()
    public void notifyWhenStateChanged(io.grpc.ConnectivityState,java.lang.Runnable)
    public void resetConnectBackoff()
    public io.grpc.ManagedChannel shutdown()
    public io.grpc.ManagedChannel shutdownNow()
io.grpc.internal.ForwardingNameResolver:
    public java.lang.String getServiceAuthority()
io.grpc.internal.ForwardingReadableBuffer:
    public byte[] array()
    public int arrayOffset()
    public boolean byteBufferSupported()
    public void close()
    public java.nio.ByteBuffer getByteBuffer()
    public boolean hasArray()
    public int readInt()
io.grpc.internal.Framer:
    public abstract void dispose()
    public abstract io.grpc.internal.Framer setMessageCompression(boolean)
io.grpc.internal.GrpcAttributes:
    private void <init>()
io.grpc.internal.GrpcUtil$3:
    private static final java.lang.String NAME
io.grpc.internal.GrpcUtil$6:
    public com.google.common.util.concurrent.ListenableFuture getStats()
    public void ping(io.grpc.internal.ClientTransport$PingCallback,java.util.concurrent.Executor)
io.grpc.internal.GrpcUtil$GrpcBuildVersion
io.grpc.internal.GrpcUtil:
    public static final java.lang.String CONTENT_ACCEPT_ENCODING
    public static final java.lang.String CONTENT_ENCODING
    public static final java.lang.String CONTENT_TYPE_GRPC
    public static final java.lang.String DEFAULT_LB_POLICY
    public static final int DEFAULT_MAX_HEADER_LIST_SIZE
    public static final int DEFAULT_MAX_MESSAGE_SIZE
    public static final int DEFAULT_PORT_PLAINTEXT
    public static final int DEFAULT_PORT_SSL
    public static final java.lang.String HTTP_METHOD
    private static final java.lang.String IMPLEMENTATION_VERSION
    public static final long KEEPALIVE_TIME_NANOS_DISABLED
    public static final java.lang.String MESSAGE_ACCEPT_ENCODING
    public static final java.lang.String MESSAGE_ENCODING
    public static final long SERVER_KEEPALIVE_TIME_NANOS_DISABLED
    public static final java.lang.String TE_TRAILERS
    public static final java.lang.String TIMEOUT
    public static java.lang.String authorityFromHostAndPort(java.lang.String,int)
    public static io.grpc.internal.GrpcUtil$GrpcBuildVersion getGrpcBuildVersion()
    static boolean iterableContains(java.lang.Iterable,java.lang.Object)
io.grpc.internal.GzipInflatingBuffer:
    private static final int GZIP_HEADER_MIN_SIZE
    private static final int GZIP_MAGIC
    private static final int GZIP_TRAILER_SIZE
    private static final int HEADER_COMMENT_FLAG
    private static final int HEADER_CRC_FLAG
    private static final int HEADER_EXTRA_FLAG
    private static final int HEADER_NAME_FLAG
    private static final int INFLATE_BUFFER_SIZE
    private static final int UNSIGNED_SHORT_SIZE
io.grpc.internal.InternalHandlerRegistry$1
io.grpc.internal.InternalHandlerRegistry$Builder
io.grpc.internal.InternalHandlerRegistry
io.grpc.internal.InternalServer
io.grpc.internal.InternalSubchannel$3
io.grpc.internal.InternalSubchannel$9
io.grpc.internal.InternalSubchannel$Index:
    public java.util.List getGroups()